-------------------------------------------------------------------------------
Test set: it.unipd.mtss.RomanPrinterTest
-------------------------------------------------------------------------------
Tests run: 1, Failures: 1, Errors: 0, Skipped: 0, Time elapsed: 0 s <<< FAILURE! - in it.unipd.mtss.RomanPrinterTest
test(it.unipd.mtss.RomanPrinterTest)  Time elapsed: 0 s  <<< FAILURE!
java.lang.AssertionError: Not yet implemented
	at it.unipd.mtss.RomanPrinterTest.test(RomanPrinterTest.java:11)

